#
# There is insufficient memory for the Java Runtime Environment to continue.
# Native memory allocation (malloc) failed to allocate 1201456 bytes for Chunk::new
# Possible reasons:
#   The system is out of physical RAM or swap space
#   In 32 bit mode, the process size limit was hit
# Possible solutions:
#   Reduce memory load on the system
#   Increase physical memory or swap space
#   Check if swap backing store is full
#   Use 64 bit Java on a 64 bit OS
#   Decrease Java heap size (-Xmx/-Xms)
#   Decrease number of Java threads
#   Decrease Java thread stack sizes (-Xss)
#   Set larger code cache with -XX:ReservedCodeCacheSize=
# This output file may be truncated or incomplete.
#
#  Out of Memory Error (allocation.cpp:390), pid=11020, tid=0x0000000000002b70
#
# JRE version: Java(TM) SE Runtime Environment (8.0_102-b14) (build 1.8.0_102-b14)
# Java VM: Java HotSpot(TM) 64-Bit Server VM (25.102-b14 mixed mode windows-amd64 compressed oops)
# Failed to write core dump. Minidumps are not enabled by default on client versions of Windows
#

---------------  T H R E A D  ---------------

Current thread (0x0000000018af0800):  JavaThread "C2 CompilerThread0" daemon [_thread_in_native, id=11120, stack(0x0000000018ef0000,0x0000000018ff0000)]

Stack: [0x0000000018ef0000,0x0000000018ff0000]
[error occurred during error reporting (printing stack bounds), id 0xc0000005]

Native frames: (J=compiled Java code, j=interpreted, Vv=VM code, C=native code)


Current CompileTask:
C2: 563350 21731       4       com.android.dx.ssa.back.FirstFitLocalCombiningAllocator::findRangeAndAdjust (311 bytes)


---------------  P R O C E S S  ---------------

Java Threads: ( => current thread )
  0x000000001e25a000 JavaThread "pool-180-thread-1" [_thread_blocked, id=8468, stack(0x000000003fa10000,0x000000003fb10000)]
  0x000000001e266000 JavaThread "pool-178-thread-4" [_thread_blocked, id=4624, stack(0x000000003f310000,0x000000003f410000)]
  0x000000001e25e800 JavaThread "pool-178-thread-3" [_thread_blocked, id=9848, stack(0x000000003f210000,0x000000003f310000)]
  0x000000001e265800 JavaThread "pool-178-thread-2" [_thread_blocked, id=10520, stack(0x000000003f110000,0x000000003f210000)]
  0x000000001e264000 JavaThread "pool-179-thread-1" [_thread_blocked, id=7352, stack(0x000000003f010000,0x000000003f110000)]
  0x000000001e25e000 JavaThread "pool-178-thread-1" [_thread_blocked, id=5584, stack(0x000000003ef10000,0x000000003f010000)]
  0x000000001e264800 JavaThread "pool-166-thread-4" [_thread_blocked, id=5948, stack(0x000000003e210000,0x000000003e310000)]
  0x000000001e268800 JavaThread "pool-166-thread-3" [_thread_blocked, id=5968, stack(0x000000003e110000,0x000000003e210000)]
  0x000000001e25b000 JavaThread "pool-166-thread-2" [_thread_blocked, id=10336, stack(0x000000003e010000,0x000000003e110000)]
  0x000000001e261800 JavaThread "pool-167-thread-1" [_thread_blocked, id=7692, stack(0x000000003df10000,0x000000003e010000)]
  0x000000001e25f800 JavaThread "pool-166-thread-1" [_thread_blocked, id=9872, stack(0x000000003de10000,0x000000003df10000)]
  0x000000001cc70000 JavaThread "pool-17-thread-2" [_thread_blocked, id=6632, stack(0x000000002b710000,0x000000002b810000)]
  0x000000001cc6d000 JavaThread "pool-17-thread-3" [_thread_blocked, id=10108, stack(0x000000002b610000,0x000000002b710000)]
  0x000000001cc72000 JavaThread "pool-17-thread-4" [_thread_blocked, id=1060, stack(0x000000002b510000,0x000000002b610000)]
  0x000000001cc6e800 JavaThread "pool-17-thread-1" [_thread_blocked, id=10396, stack(0x000000002b410000,0x000000002b510000)]
  0x000000001cc63000 JavaThread "stdout" daemon [_thread_in_native, id=8372, stack(0x000000002a410000,0x000000002a510000)]
  0x000000001cc6a000 JavaThread "stderr" daemon [_thread_in_native, id=3136, stack(0x000000002a310000,0x000000002a410000)]
  0x000000001cc69000 JavaThread "stdout" daemon [_thread_in_native, id=2868, stack(0x000000002a210000,0x000000002a310000)]
  0x000000001cc66000 JavaThread "stderr" daemon [_thread_in_native, id=10820, stack(0x000000002a110000,0x000000002a210000)]
  0x000000001cc65000 JavaThread "stdout" daemon [_thread_in_native, id=10272, stack(0x000000002a010000,0x000000002a110000)]
  0x000000001cc66800 JavaThread "stderr" daemon [_thread_in_native, id=6716, stack(0x0000000029f10000,0x000000002a010000)]
  0x000000001cc67800 JavaThread "stdout" daemon [_thread_in_native, id=80, stack(0x0000000029e10000,0x0000000029f10000)]
  0x000000001cc64800 JavaThread "stderr" daemon [_thread_in_native, id=7652, stack(0x0000000029d10000,0x0000000029e10000)]
  0x000000001cc68000 JavaThread "stdout" daemon [_thread_in_native, id=3032, stack(0x0000000029c10000,0x0000000029d10000)]
  0x000000001c236800 JavaThread "stderr" daemon [_thread_in_native, id=3952, stack(0x0000000029b10000,0x0000000029c10000)]
  0x000000001c236000 JavaThread "stdout" daemon [_thread_in_native, id=10808, stack(0x0000000029a10000,0x0000000029b10000)]
  0x000000001c239800 JavaThread "stderr" daemon [_thread_in_native, id=1904, stack(0x0000000029910000,0x0000000029a10000)]
  0x000000001c235000 JavaThread "stdout" daemon [_thread_in_native, id=8268, stack(0x0000000029810000,0x0000000029910000)]
  0x000000001c239000 JavaThread "stderr" daemon [_thread_in_native, id=10644, stack(0x0000000029710000,0x0000000029810000)]
  0x000000001c233800 JavaThread "stdout" daemon [_thread_in_native, id=11108, stack(0x0000000029610000,0x0000000029710000)]
  0x000000001c238000 JavaThread "stderr" daemon [_thread_in_native, id=10248, stack(0x0000000029510000,0x0000000029610000)]
  0x000000001c23a800 JavaThread "stdout" daemon [_thread_in_native, id=8392, stack(0x0000000029410000,0x0000000029510000)]
  0x000000001c237800 JavaThread "stderr" daemon [_thread_in_native, id=8936, stack(0x0000000029310000,0x0000000029410000)]
  0x000000001c22c000 JavaThread "stdout" daemon [_thread_in_native, id=5532, stack(0x0000000029210000,0x0000000029310000)]
  0x000000001c233000 JavaThread "stderr" daemon [_thread_in_native, id=11200, stack(0x0000000029110000,0x0000000029210000)]
  0x000000001c231800 JavaThread "stdout" daemon [_thread_in_native, id=11212, stack(0x0000000028f10000,0x0000000029010000)]
  0x000000001c22b800 JavaThread "stderr" daemon [_thread_in_native, id=10368, stack(0x0000000028e10000,0x0000000028f10000)]
  0x000000001c232000 JavaThread "stdout" daemon [_thread_in_native, id=4564, stack(0x0000000028d10000,0x0000000028e10000)]
  0x000000001c230800 JavaThread "stderr" daemon [_thread_in_native, id=7236, stack(0x0000000028c10000,0x0000000028d10000)]
  0x000000001c22e800 JavaThread "stdout" daemon [_thread_in_native, id=10492, stack(0x0000000028b10000,0x0000000028c10000)]
  0x000000001c230000 JavaThread "stderr" daemon [_thread_in_native, id=3988, stack(0x0000000028a10000,0x0000000028b10000)]
  0x000000001c22d800 JavaThread "stdout" daemon [_thread_in_native, id=10328, stack(0x0000000028910000,0x0000000028a10000)]
  0x000000001c22d000 JavaThread "stderr" daemon [_thread_in_native, id=224, stack(0x0000000028810000,0x0000000028910000)]
  0x000000001a87b000 JavaThread "stdout" daemon [_thread_in_native, id=9412, stack(0x0000000028710000,0x0000000028810000)]
  0x000000001a87a000 JavaThread "stderr" daemon [_thread_in_native, id=696, stack(0x0000000028610000,0x0000000028710000)]
  0x000000001a878800 JavaThread "png-cruncher_20" daemon [_thread_blocked, id=6680, stack(0x0000000028510000,0x0000000028610000)]
  0x000000001a878000 JavaThread "png-cruncher_19" daemon [_thread_blocked, id=6012, stack(0x0000000028410000,0x0000000028510000)]
  0x000000001a877000 JavaThread "png-cruncher_18" daemon [_thread_blocked, id=10600, stack(0x0000000028310000,0x0000000028410000)]
  0x000000001a876800 JavaThread "png-cruncher_17" daemon [_thread_blocked, id=112, stack(0x0000000028210000,0x0000000028310000)]
  0x000000001a879800 JavaThread "png-cruncher_16" daemon [_thread_blocked, id=5600, stack(0x0000000028110000,0x0000000028210000)]
  0x000000001a875800 JavaThread "png-cruncher_15" daemon [_thread_blocked, id=5212, stack(0x0000000028010000,0x0000000028110000)]
  0x000000001a875000 JavaThread "png-cruncher_14" daemon [_thread_blocked, id=8976, stack(0x0000000027f10000,0x0000000028010000)]
  0x000000001a87b800 JavaThread "png-cruncher_13" daemon [_thread_blocked, id=7120, stack(0x0000000027e10000,0x0000000027f10000)]
  0x000000001a86d800 JavaThread "png-cruncher_12" daemon [_thread_blocked, id=3016, stack(0x0000000027d10000,0x0000000027e10000)]
  0x000000001a872800 JavaThread "png-cruncher_11" daemon [_thread_blocked, id=4264, stack(0x0000000027c10000,0x0000000027d10000)]
  0x000000001a86f800 JavaThread "png-cruncher_10" daemon [_thread_blocked, id=11256, stack(0x0000000027b10000,0x0000000027c10000)]
  0x000000001a871000 JavaThread "png-cruncher_9" daemon [_thread_blocked, id=6300, stack(0x0000000027a10000,0x0000000027b10000)]
  0x000000001a874000 JavaThread "png-cruncher_8" daemon [_thread_blocked, id=10720, stack(0x0000000027910000,0x0000000027a10000)]
  0x000000001a872000 JavaThread "png-cruncher_7" daemon [_thread_blocked, id=8356, stack(0x0000000027810000,0x0000000027910000)]
  0x000000001a86f000 JavaThread "png-cruncher_6" daemon [_thread_blocked, id=6660, stack(0x0000000027710000,0x0000000027810000)]
  0x000000001a86e000 JavaThread "stdout" daemon [_thread_in_native, id=5704, stack(0x0000000027610000,0x0000000027710000)]
  0x000000001a873800 JavaThread "stderr" daemon [_thread_in_native, id=8416, stack(0x0000000027510000,0x0000000027610000)]
  0x000000001a870800 JavaThread "stdout" daemon [_thread_in_native, id=8460, stack(0x0000000027410000,0x0000000027510000)]
  0x000000001a86c800 JavaThread "stderr" daemon [_thread_in_native, id=10724, stack(0x0000000027310000,0x0000000027410000)]
  0x000000001c95c800 JavaThread "stdout" daemon [_thread_in_native, id=10444, stack(0x0000000027210000,0x0000000027310000)]
  0x000000001c95d800 JavaThread "stdout" daemon [_thread_in_native, id=10624, stack(0x0000000027110000,0x0000000027210000)]
  0x000000001c959000 JavaThread "stderr" daemon [_thread_in_native, id=4480, stack(0x0000000027010000,0x0000000027110000)]
  0x000000001c95f800 JavaThread "stderr" daemon [_thread_in_native, id=4888, stack(0x0000000026f10000,0x0000000027010000)]
  0x000000001c95c000 JavaThread "stdout" daemon [_thread_in_native, id=10788, stack(0x0000000026e10000,0x0000000026f10000)]
  0x000000001c95b000 JavaThread "stderr" daemon [_thread_in_native, id=10388, stack(0x0000000026d10000,0x0000000026e10000)]
  0x000000001c959800 JavaThread "png-cruncher_5" daemon [_thread_blocked, id=9628, stack(0x0000000026c10000,0x0000000026d10000)]
  0x000000001c95a800 JavaThread "png-cruncher_4" daemon [_thread_blocked, id=5528, stack(0x0000000026b10000,0x0000000026c10000)]
  0x000000001c95f000 JavaThread "png-cruncher_3" daemon [_thread_blocked, id=4436, stack(0x0000000026a10000,0x0000000026b10000)]
  0x000000001c95e000 JavaThread "png-cruncher_2" daemon [_thread_blocked, id=6856, stack(0x0000000026910000,0x0000000026a10000)]
  0x000000001c951000 JavaThread "png-cruncher_1" daemon [_thread_blocked, id=6852, stack(0x0000000026810000,0x0000000026910000)]
  0x000000001c956000 JavaThread "pool-11-thread-4" [_thread_blocked, id=8740, stack(0x0000000026710000,0x0000000026810000)]
  0x000000001c957800 JavaThread "pool-11-thread-3" [_thread_blocked, id=9804, stack(0x0000000026610000,0x0000000026710000)]
  0x000000001c955000 JavaThread "pool-11-thread-2" [_thread_blocked, id=9776, stack(0x0000000026510000,0x0000000026610000)]
  0x000000001c952000 JavaThread "pool-11-thread-1" [_thread_blocked, id=4964, stack(0x0000000026410000,0x0000000026510000)]
  0x000000001c953000 JavaThread "Task worker Thread 3" [_thread_blocked, id=10340, stack(0x0000000025d10000,0x0000000025e10000)]
  0x000000001c953800 JavaThread "Task worker Thread 2" [_thread_blocked, id=10844, stack(0x0000000025c10000,0x0000000025d10000)]
  0x0000000019529000 JavaThread "Task worker" [_thread_blocked, id=5972, stack(0x0000000025b10000,0x0000000025c10000)]
  0x0000000019527800 JavaThread "Asynchronous log dispatcher for org.gradle.launcher.daemon.server.DefaultDaemonConnection@3106654c" [_thread_blocked, id=9892, stack(0x0000000025910000,0x0000000025a10000)]
  0x0000000019529800 JavaThread "Daemon worker Thread 2" [_thread_blocked, id=9560, stack(0x0000000025810000,0x0000000025910000)]
  0x000000001952a800 JavaThread "Cancel handler" [_thread_blocked, id=7472, stack(0x0000000025710000,0x0000000025810000)]
  0x0000000019526800 JavaThread "Handler for socket connection from /127.0.0.1:49991 to /127.0.0.1:50881" [_thread_in_native, id=7544, stack(0x0000000025610000,0x0000000025710000)]
  0x0000000019526000 JavaThread "Daemon Thread 2" [_thread_blocked, id=7536, stack(0x0000000025510000,0x0000000025610000)]
  0x000000001952c800 JavaThread "File lock request listener" [_thread_in_native, id=10860, stack(0x000000001cf20000,0x000000001d020000)]
  0x00000000197d2000 JavaThread "Incoming local TCP Connector on port 49991" [_thread_in_native, id=10604, stack(0x000000001af60000,0x000000001b060000)]
  0x0000000019870800 JavaThread "pool-1-thread-1" [_thread_blocked, id=10616, stack(0x0000000019bf0000,0x0000000019cf0000)]
  0x0000000018b53000 JavaThread "Service Thread" daemon [_thread_blocked, id=11132, stack(0x00000000191f0000,0x00000000192f0000)]
  0x0000000018b4f000 JavaThread "C1 CompilerThread2" daemon [_thread_blocked, id=11128, stack(0x00000000190f0000,0x00000000191f0000)]
  0x0000000018b4c800 JavaThread "C2 CompilerThread1" daemon [_thread_blocked, id=11124, stack(0x0000000018ff0000,0x00000000190f0000)]
=>0x0000000018af0800 JavaThread "C2 CompilerThread0" daemon [_thread_in_native, id=11120, stack(0x0000000018ef0000,0x0000000018ff0000)]
  0x00000000175fc800 JavaThread "Attach Listener" daemon [_thread_blocked, id=11116, stack(0x00000000189f0000,0x0000000018af0000)]
  0x00000000175b0800 JavaThread "Signal Dispatcher" daemon [_thread_blocked, id=11112, stack(0x00000000188f0000,0x00000000189f0000)]
  0x000000000297d000 JavaThread "Finalizer" daemon [_thread_blocked, id=11100, stack(0x00000000187f0000,0x00000000188f0000)]
  0x0000000017569800 JavaThread "Reference Handler" daemon [_thread_blocked, id=11096, stack(0x00000000186f0000,0x00000000187f0000)]
  0x000000000287e800 JavaThread "main" [_thread_blocked, id=11072, stack(0x00000000026f0000,0x00000000027f0000)]

Other Threads:
  0x0000000017568800 VMThread [stack: 0x00000000185f0000,0x00000000186f0000] [id=11092]
  0x0000000018b9c800 WatcherThread [stack: 0x00000000192f0000,0x00000000193f0000] [id=11136]

VM state:at safepoint (normal execution)

VM Mutex/Monitor currently owned by a thread:  ([mutex/lock_event])
[0x000000000287d150] Threads_lock - owner thread: 0x0000000017568800
[0x000000000287ddd0] Heap_lock - owner thread: 0x000000001e25f800

Heap:
 PSYoungGen      total 244224K, used 211968K [0x00000000d5580000, 0x00000000e6380000, 0x0000000100000000)
  eden space 211968K, 100% used [0x00000000d5580000,0x00000000e2480000,0x00000000e2480000)
  from space 32256K, 0% used [0x00000000e2480000,0x00000000e2480000,0x00000000e4400000)
  to   space 28672K, 0% used [0x00000000e4780000,0x00000000e4780000,0x00000000e6380000)
 ParOldGen       total 166912K, used 166799K [0x0000000080000000, 0x000000008a300000, 0x00000000d5580000)
  object space 166912K, 99% used [0x0000000080000000,0x000000008a2e3c00,0x000000008a300000)
 Metaspace       used 75117K, capacity 78954K, committed 79104K, reserved 1118208K
  class space    used 9695K, capacity 10407K, committed 10496K, reserved 1048576K

Card table byte_map: [0x0000000011d40000,0x0000000012150000] byte_map_base: 0x0000000011940000

Marking Bits: (ParMarkBitMap*) 0x0000000073c2a6c0
 Begin Bits: [0x0000000012800000, 0x0000000014800000)
 End Bits:   [0x0000000014800000, 0x0000000016800000)

Polling page: 0x0000000000680000

CodeCache: size=245760Kb used=66137Kb max_used=66149Kb free=179622Kb
 bounds [0x0000000002980000, 0x0000000006a80000, 0x0000000011980000]
 total_blobs=17664 nmethods=16906 adapters=668
 compilation: enabled

Compilation events (10 events):
Event: 562.786 Thread 0x0000000018b4f000 21744       3       com.android.dx.util.ListIntSet::add (26 bytes)
Event: 562.786 Thread 0x0000000018b4f000 nmethod 21744 0x00000000062d1fd0 code [0x00000000062d2140, 0x00000000062d2458]
Event: 562.786 Thread 0x0000000018b4f000 21741       3       com.android.dx.ssa.SetFactory::makeLivenessSet (26 bytes)
Event: 562.787 Thread 0x0000000018b4f000 nmethod 21741 0x0000000006a42310 code [0x0000000006a42500, 0x0000000006a42ef8]
Event: 562.790 Thread 0x0000000018b4c800 nmethod 21743 0x0000000004a5d8d0 code [0x0000000004a5da20, 0x0000000004a5de38]
Event: 562.817 Thread 0x0000000018b4f000 21752       3       com.android.dx.ssa.back.InterferenceGraph::<init> (42 bytes)
Event: 562.817 Thread 0x0000000018b4c800 21756       4       com.android.dx.ssa.SetFactory::makeInterferenceSet (26 bytes)
Event: 562.817 Thread 0x0000000018b4f000 nmethod 21752 0x0000000006a73850 code [0x0000000006a73a80, 0x0000000006a74818]
Event: 562.819 Thread 0x0000000018b4c800 nmethod 21756 0x00000000061df210 code [0x00000000061df380, 0x00000000061df6b8]
Event: 562.819 Thread 0x0000000018b4c800 21746       4       com.android.dx.ssa.back.InterferenceGraph::add (46 bytes)

GC Heap History (10 events):
Event: 560.605 GC heap after
Heap after GC invocations=99 (full 32):
 PSYoungGen      total 244224K, used 190122K [0x00000000d5580000, 0x00000000e6380000, 0x0000000100000000)
  eden space 211968K, 89% used [0x00000000d5580000,0x00000000e0f2a8d8,0x00000000e2480000)
  from space 32256K, 0% used [0x00000000e2480000,0x00000000e2480000,0x00000000e4400000)
  to   space 28672K, 0% used [0x00000000e4780000,0x00000000e4780000,0x00000000e6380000)
 ParOldGen       total 166912K, used 166545K [0x0000000080000000, 0x000000008a300000, 0x00000000d5580000)
  object space 166912K, 99% used [0x0000000080000000,0x000000008a2a4580,0x000000008a300000)
 Metaspace       used 75117K, capacity 78954K, committed 79104K, reserved 1118208K
  class space    used 9695K, capacity 10407K, committed 10496K, reserved 1048576K
}
Event: 560.649 GC heap before
{Heap before GC invocations=100 (full 33):
 PSYoungGen      total 244224K, used 211968K [0x00000000d5580000, 0x00000000e6380000, 0x0000000100000000)
  eden space 211968K, 100% used [0x00000000d5580000,0x00000000e2480000,0x00000000e2480000)
  from space 32256K, 0% used [0x00000000e2480000,0x00000000e2480000,0x00000000e4400000)
  to   space 28672K, 0% used [0x00000000e4780000,0x00000000e4780000,0x00000000e6380000)
 ParOldGen       total 166912K, used 166545K [0x0000000080000000, 0x000000008a300000, 0x00000000d5580000)
  object space 166912K, 99% used [0x0000000080000000,0x000000008a2a4580,0x000000008a300000)
 Metaspace       used 75117K, capacity 78954K, committed 79104K, reserved 1118208K
  class space    used 9695K, capacity 10407K, committed 10496K, reserved 1048576K
Event: 561.785 GC heap after
Heap after GC invocations=100 (full 33):
 PSYoungGen      total 244224K, used 192159K [0x00000000d5580000, 0x00000000e6380000, 0x0000000100000000)
  eden space 211968K, 90% used [0x00000000d5580000,0x00000000e1127ff8,0x00000000e2480000)
  from space 32256K, 0% used [0x00000000e2480000,0x00000000e2480000,0x00000000e4400000)
  to   space 28672K, 0% used [0x00000000e4780000,0x00000000e4780000,0x00000000e6380000)
 ParOldGen       total 166912K, used 166801K [0x0000000080000000, 0x000000008a300000, 0x00000000d5580000)
  object space 166912K, 99% used [0x0000000080000000,0x000000008a2e45b0,0x000000008a300000)
 Metaspace       used 75117K, capacity 78954K, committed 79104K, reserved 1118208K
  class space    used 9695K, capacity 10407K, committed 10496K, reserved 1048576K
}
Event: 561.811 GC heap before
{Heap before GC invocations=101 (full 34):
 PSYoungGen      total 244224K, used 211968K [0x00000000d5580000, 0x00000000e6380000, 0x0000000100000000)
  eden space 211968K, 100% used [0x00000000d5580000,0x00000000e2480000,0x00000000e2480000)
  from space 32256K, 0% used [0x00000000e2480000,0x00000000e2480000,0x00000000e4400000)
  to   space 28672K, 0% used [0x00000000e4780000,0x00000000e4780000,0x00000000e6380000)
 ParOldGen       total 166912K, used 166801K [0x0000000080000000, 0x000000008a300000, 0x00000000d5580000)
  object space 166912K, 99% used [0x0000000080000000,0x000000008a2e45b0,0x000000008a300000)
 Metaspace       used 75117K, capacity 78954K, committed 79104K, reserved 1118208K
  class space    used 9695K, capacity 10407K, committed 10496K, reserved 1048576K
Event: 562.218 GC heap after
Heap after GC invocations=101 (full 34):
 PSYoungGen      total 244224K, used 193806K [0x00000000d5580000, 0x00000000e6380000, 0x0000000100000000)
  eden space 211968K, 91% used [0x00000000d5580000,0x00000000e12c3a50,0x00000000e2480000)
  from space 32256K, 0% used [0x00000000e2480000,0x00000000e2480000,0x00000000e4400000)
  to   space 28672K, 0% used [0x00000000e4780000,0x00000000e4780000,0x00000000e6380000)
 ParOldGen       total 166912K, used 166799K [0x0000000080000000, 0x000000008a300000, 0x00000000d5580000)
  object space 166912K, 99% used [0x0000000080000000,0x000000008a2e3e48,0x000000008a300000)
 Metaspace       used 75117K, capacity 78954K, committed 79104K, reserved 1118208K
  class space    used 9695K, capacity 10407K, committed 10496K, reserved 1048576K
}
Event: 562.234 GC heap before
{Heap before GC invocations=102 (full 35):
 PSYoungGen      total 244224K, used 211968K [0x00000000d5580000, 0x00000000e6380000, 0x0000000100000000)
  eden space 211968K, 100% used [0x00000000d5580000,0x00000000e2480000,0x00000000e2480000)
  from space 32256K, 0% used [0x00000000e2480000,0x00000000e2480000,0x00000000e4400000)
  to   space 28672K, 0% used [0x00000000e4780000,0x00000000e4780000,0x00000000e6380000)
 ParOldGen       total 166912K, used 166799K [0x0000000080000000, 0x000000008a300000, 0x00000000d5580000)
  object space 166912K, 99% used [0x0000000080000000,0x000000008a2e3e48,0x000000008a300000)
 Metaspace       used 75117K, capacity 78954K, committed 79104K, reserved 1118208K
  class space    used 9695K, capacity 10407K, committed 10496K, reserved 1048576K
Event: 562.781 GC heap after
Heap after GC invocations=102 (full 35):
 PSYoungGen      total 244224K, used 195897K [0x00000000d5580000, 0x00000000e6380000, 0x0000000100000000)
  eden space 211968K, 92% used [0x00000000d5580000,0x00000000e14ce538,0x00000000e2480000)
  from space 32256K, 0% used [0x00000000e2480000,0x00000000e2480000,0x00000000e4400000)
  to   space 28672K, 0% used [0x00000000e4780000,0x00000000e4780000,0x00000000e6380000)
 ParOldGen       total 166912K, used 166799K [0x0000000080000000, 0x000000008a300000, 0x00000000d5580000)
  object space 166912K, 99% used [0x0000000080000000,0x000000008a2e3dc8,0x000000008a300000)
 Metaspace       used 75117K, capacity 78954K, committed 79104K, reserved 1118208K
  class space    used 9695K, capacity 10407K, committed 10496K, reserved 1048576K
}
Event: 562.822 GC heap before
{Heap before GC invocations=103 (full 36):
 PSYoungGen      total 244224K, used 211968K [0x00000000d5580000, 0x00000000e6380000, 0x0000000100000000)
  eden space 211968K, 100% used [0x00000000d5580000,0x00000000e2480000,0x00000000e2480000)
  from space 32256K, 0% used [0x00000000e2480000,0x00000000e2480000,0x00000000e4400000)
  to   space 28672K, 0% used [0x00000000e4780000,0x00000000e4780000,0x00000000e6380000)
 ParOldGen       total 166912K, used 166799K [0x0000000080000000, 0x000000008a300000, 0x00000000d5580000)
  object space 166912K, 99% used [0x0000000080000000,0x000000008a2e3dc8,0x000000008a300000)
 Metaspace       used 75117K, capacity 78954K, committed 79104K, reserved 1118208K
  class space    used 9695K, capacity 10407K, committed 10496K, reserved 1048576K
Event: 563.237 GC heap after
Heap after GC invocations=103 (full 36):
 PSYoungGen      total 244224K, used 200050K [0x00000000d5580000, 0x00000000e6380000, 0x0000000100000000)
  eden space 211968K, 94% used [0x00000000d5580000,0x00000000e18dca88,0x00000000e2480000)
  from space 32256K, 0% used [0x00000000e2480000,0x00000000e2480000,0x00000000e4400000)
  to   space 28672K, 0% used [0x00000000e4780000,0x00000000e4780000,0x00000000e6380000)
 ParOldGen       total 166912K, used 166799K [0x0000000080000000, 0x000000008a300000, 0x00000000d5580000)
  object space 166912K, 99% used [0x0000000080000000,0x000000008a2e3c00,0x000000008a300000)
 Metaspace       used 75117K, capacity 78954K, committed 79104K, reserved 1118208K
  class space    used 9695K, capacity 10407K, committed 10496K, reserved 1048576K
}
Event: 563.262 GC heap before
{Heap before GC invocations=104 (full 37):
 PSYoungGen      total 244224K, used 211968K [0x00000000d5580000, 0x00000000e6380000, 0x0000000100000000)
  eden space 211968K, 100% used [0x00000000d5580000,0x00000000e2480000,0x00000000e2480000)
  from space 32256K, 0% used [0x00000000e2480000,0x00000000e2480000,0x00000000e4400000)
  to   space 28672K, 0% used [0x00000000e4780000,0x00000000e4780000,0x00000000e6380000)
 ParOldGen       total 166912K, used 166799K [0x0000000080000000, 0x000000008a300000, 0x00000000d5580000)
  object space 166912K, 99% used [0x0000000080000000,0x000000008a2e3c00,0x000000008a300000)
 Metaspace       used 75117K, capacity 78954K, committed 79104K, reserved 1118208K
  class space    used 9695K, capacity 10407K, committed 10496K, reserved 1048576K

Deoptimization events (10 events):
Event: 556.977 Thread 0x000000001cc72000 Uncommon trap: reason=unstable_if action=reinterpret pc=0x00000000062b9fac method=com.android.dx.ssa.InterferenceRegisterMapper.areAnyPinned(Lcom/android/dx/rop/code/RegisterSpecList;II)Z @ 55
Event: 561.796 Thread 0x000000001e268800 Uncommon trap: reason=predicate action=maybe_recompile pc=0x0000000006238a5c method=com.android.dx.ssa.back.InterferenceGraph.<init>(I)V @ 23
Event: 562.781 Thread 0x000000001e268800 Uncommon trap: reason=unstable_if action=reinterpret pc=0x000000000631a944 method=com.android.dx.ssa.SetFactory.makeInterferenceSet(I)Lcom/android/dx/util/IntSet; @ 4
Event: 562.781 Thread 0x000000001e268800 Uncommon trap: reason=unstable_if action=reinterpret pc=0x00000000062ba880 method=com.android.dx.ssa.SetFactory.makeInterferenceSet(I)Lcom/android/dx/util/IntSet; @ 4
Event: 562.784 Thread 0x000000001e268800 Uncommon trap: reason=unstable_if action=reinterpret pc=0x0000000006068614 method=com.android.dx.ssa.SetFactory.makeLivenessSet(I)Lcom/android/dx/util/IntSet; @ 4
Event: 562.786 Thread 0x000000001e268800 Uncommon trap: reason=class_check action=maybe_recompile pc=0x0000000006994a44 method=com.android.dx.ssa.back.InterferenceGraph.add(II)V @ 19
Event: 562.787 Thread 0x000000001e268800 Uncommon trap: reason=class_check action=maybe_recompile pc=0x0000000006994a44 method=com.android.dx.ssa.back.InterferenceGraph.add(II)V @ 19
Event: 562.787 Thread 0x000000001e268800 Uncommon trap: reason=class_check action=maybe_recompile pc=0x0000000006994a44 method=com.android.dx.ssa.back.InterferenceGraph.add(II)V @ 19
Event: 562.787 Thread 0x000000001e268800 Uncommon trap: reason=class_check action=maybe_recompile pc=0x0000000006994a44 method=com.android.dx.ssa.back.InterferenceGraph.add(II)V @ 19
Event: 562.806 Thread 0x000000001e25f800 Uncommon trap: reason=unstable_if action=reinterpret pc=0x0000000006a44708 method=com.android.dx.ssa.SetFactory.makeInterferenceSet(I)Lcom/android/dx/util/IntSet; @ 4

Internal exceptions (10 events):
Event: 519.178 Thread 0x000000001c953800 Implicit null exception at 0x000000000582bfcb to 0x000000000582dbb1
Event: 519.205 Thread 0x000000001c953800 Implicit null exception at 0x0000000003bdd6de to 0x0000000003bdd861
Event: 521.109 Thread 0x000000001c953800 Exception <a 'java/io/FileNotFoundException'> (0x00000000d5cef890) thrown at [C:\re\workspace\8-2-build-windows-amd64-cygwin\jdk8u102\7268\hotspot\src\share\vm\prims\jni.cpp, line 709]
Event: 532.666 Thread 0x000000001c953800 Implicit null exception at 0x0000000005d5d415 to 0x0000000005d5d5e9
Event: 538.342 Thread 0x000000001e25a000 Implicit null exception at 0x00000000060411cf to 0x000000000604139d
Event: 539.366 Thread 0x000000001e262800 Implicit null exception at 0x000000000614f0e3 to 0x0000000006150229
Event: 539.553 Thread 0x000000001e25d000 Implicit null exception at 0x0000000005f89026 to 0x0000000005f89809
Event: 539.570 Thread 0x000000001e25d000 Implicit null exception at 0x00000000063cce28 to 0x00000000063cd4b9
Event: 548.851 Thread 0x000000001cc6e800 Implicit null exception at 0x0000000006651072 to 0x0000000006653000
Event: 556.142 Thread 0x000000001cc72000 Implicit null exception at 0x0000000005da18ac to 0x0000000005da18ce

Events (10 events):
Event: 562.787 Thread 0x000000001e268800 DEOPT PACKING pc=0x0000000006994a44 sp=0x000000003e20ec40
Event: 562.787 Thread 0x000000001e268800 DEOPT UNPACKING pc=0x00000000029c582a sp=0x000000003e20ec60 mode 2
Event: 562.806 Thread 0x000000001e25f800 Uncommon trap: trap_request=0xffffff65 fr.pc=0x0000000006a44708
Event: 562.806 Thread 0x000000001e25f800 DEOPT PACKING pc=0x0000000006a44708 sp=0x000000003df0e730
Event: 562.806 Thread 0x000000001e25f800 DEOPT UNPACKING pc=0x00000000029c582a sp=0x000000003df0e6d8 mode 2
Event: 562.821 Executing VM operation: ParallelGCFailedAllocation
Event: 563.237 Executing VM operation: ParallelGCFailedAllocation done
Event: 563.237 Thread 0x000000001e25a000 Thread exited: 0x000000001e25a000
Event: 563.239 Thread 0x000000001e25a000 Thread added: 0x000000001e25a000
Event: 563.259 Executing VM operation: ParallelGCFailedAllocation


Dynamic libraries:
0x00007ff7da260000 - 0x00007ff7da297000 	C:\Program Files\Java\jdk1.8.0_102\bin\java.exe
0x00007ffe46150000 - 0x00007ffe46321000 	C:\WINDOWS\SYSTEM32\ntdll.dll
0x00007ffe45a90000 - 0x00007ffe45b3b000 	C:\WINDOWS\System32\KERNEL32.DLL
0x00007ffe43020000 - 0x00007ffe4323d000 	C:\WINDOWS\System32\KERNELBASE.dll
0x00007ffe45210000 - 0x00007ffe452b2000 	C:\WINDOWS\System32\ADVAPI32.dll
0x00007ffe45830000 - 0x00007ffe458ce000 	C:\WINDOWS\System32\msvcrt.dll
0x00007ffe452c0000 - 0x00007ffe45319000 	C:\WINDOWS\System32\sechost.dll
0x00007ffe44c90000 - 0x00007ffe44db1000 	C:\WINDOWS\System32\RPCRT4.dll
0x00007ffe45f70000 - 0x00007ffe460d5000 	C:\WINDOWS\System32\USER32.dll
0x00007ffe42640000 - 0x00007ffe4265e000 	C:\WINDOWS\System32\win32u.dll
0x00007ffe458d0000 - 0x00007ffe45904000 	C:\WINDOWS\System32\GDI32.dll
0x00007ffe42660000 - 0x00007ffe427e2000 	C:\WINDOWS\System32\gdi32full.dll
0x00007ffe3fad0000 - 0x00007ffe3fd49000 	C:\WINDOWS\WinSxS\amd64_microsoft.windows.common-controls_6595b64144ccf1df_6.0.14393.0_none_2d0f50fcbdb171b8\COMCTL32.dll
0x00007ffe453c0000 - 0x00007ffe45687000 	C:\WINDOWS\System32\combase.dll
0x00007ffe42f20000 - 0x00007ffe43015000 	C:\WINDOWS\System32\ucrtbase.dll
0x00007ffe435c0000 - 0x00007ffe4362a000 	C:\WINDOWS\System32\bcryptPrimitives.dll
0x00007ffe45320000 - 0x00007ffe4534e000 	C:\WINDOWS\System32\IMM32.DLL
0x0000000073cb0000 - 0x0000000073d81000 	C:\Program Files\Java\jdk1.8.0_102\jre\bin\msvcr100.dll
0x0000000073410000 - 0x0000000073caa000 	C:\Program Files\Java\jdk1.8.0_102\jre\bin\server\jvm.dll
0x00007ffe46140000 - 0x00007ffe46148000 	C:\WINDOWS\System32\PSAPI.DLL
0x00007ffe32930000 - 0x00007ffe32939000 	C:\WINDOWS\SYSTEM32\WSOCK32.dll
0x00007ffe37d80000 - 0x00007ffe37d8a000 	C:\WINDOWS\SYSTEM32\VERSION.dll
0x00007ffe407c0000 - 0x00007ffe407e3000 	C:\WINDOWS\SYSTEM32\WINMM.dll
0x00007ffe45350000 - 0x00007ffe453ba000 	C:\WINDOWS\System32\WS2_32.dll
0x0000000000650000 - 0x000000000067b000 	C:\WINDOWS\SYSTEM32\WINMMBASE.dll
0x00007ffe42ed0000 - 0x00007ffe42f12000 	C:\WINDOWS\System32\cfgmgr32.dll
0x0000000074e60000 - 0x0000000074e6f000 	C:\Program Files\Java\jdk1.8.0_102\jre\bin\verify.dll
0x0000000074e30000 - 0x0000000074e59000 	C:\Program Files\Java\jdk1.8.0_102\jre\bin\java.dll
0x0000000074e10000 - 0x0000000074e26000 	C:\Program Files\Java\jdk1.8.0_102\jre\bin\zip.dll
0x00007ffe436e0000 - 0x00007ffe44be8000 	C:\WINDOWS\System32\SHELL32.dll
0x00007ffe427f0000 - 0x00007ffe42eca000 	C:\WINDOWS\System32\windows.storage.dll
0x00007ffe425e0000 - 0x00007ffe4262c000 	C:\WINDOWS\System32\powrprof.dll
0x00007ffe45030000 - 0x00007ffe45082000 	C:\WINDOWS\System32\shlwapi.dll
0x00007ffe425d0000 - 0x00007ffe425df000 	C:\WINDOWS\System32\kernel.appcore.dll
0x00007ffe43340000 - 0x00007ffe433e9000 	C:\WINDOWS\System32\shcore.dll
0x00007ffe425b0000 - 0x00007ffe425c4000 	C:\WINDOWS\System32\profapi.dll
0x0000000074df0000 - 0x0000000074e0a000 	C:\Program Files\Java\jdk1.8.0_102\jre\bin\net.dll
0x00007ffe41d80000 - 0x00007ffe41ddc000 	C:\WINDOWS\system32\mswsock.dll
0x00000000733f0000 - 0x0000000073401000 	C:\Program Files\Java\jdk1.8.0_102\jre\bin\nio.dll
0x00007ffe236a0000 - 0x00007ffe236b2000 	C:\Users\viqgd\.gradle\native\19\windows-amd64\native-platform.dll
0x00007ffe42020000 - 0x00007ffe42037000 	C:\WINDOWS\SYSTEM32\CRYPTSP.dll
0x00007ffe41f00000 - 0x00007ffe41f33000 	C:\WINDOWS\system32\rsaenh.dll
0x00007ffe424f0000 - 0x00007ffe4251b000 	C:\WINDOWS\SYSTEM32\bcrypt.dll
0x00007ffe41c10000 - 0x00007ffe41c2f000 	C:\WINDOWS\SYSTEM32\USERENV.dll
0x00007ffe42040000 - 0x00007ffe4204b000 	C:\WINDOWS\SYSTEM32\CRYPTBASE.dll
0x00007ffe41b10000 - 0x00007ffe41b48000 	C:\WINDOWS\SYSTEM32\IPHLPAPI.DLL
0x00007ffe44e80000 - 0x00007ffe44e88000 	C:\WINDOWS\System32\NSI.dll
0x00007ffe3e720000 - 0x00007ffe3e736000 	C:\WINDOWS\SYSTEM32\dhcpcsvc6.DLL
0x00007ffe3e6a0000 - 0x00007ffe3e6ba000 	C:\WINDOWS\SYSTEM32\dhcpcsvc.DLL
0x0000000074de0000 - 0x0000000074ded000 	C:\Program Files\Java\jdk1.8.0_102\jre\bin\management.dll
0x00007ffe41960000 - 0x00007ffe41992000 	C:\WINDOWS\SYSTEM32\ntmarta.dll

VM Arguments:
jvm_args: -XX:MaxPermSize=512m -Xmx2048m -Dfile.encoding=GBK -Duser.country=CN -Duser.language=zh -Duser.variant 
java_command: org.gradle.launcher.daemon.bootstrap.GradleDaemon 2.14.1
java_class_path (initial): C:\Users\viqgd\.gradle\wrapper\dists\gradle-2.14.1-all\8bnwg5hd3w55iofp58khbp6yv\gradle-2.14.1\lib\gradle-launcher-2.14.1.jar
Launcher Type: SUN_STANDARD

Environment Variables:
JAVA_HOME=C:\Program Files\Java\jdk1.8.0_102
CLASSPATH=.;C:\Program Files\Java\jdk1.8.0_102\lib\dt.jar;C:\Program Files\Java\jdk1.8.0_102\lib\tools.jar;
PATH=C:\ProgramData\Oracle\Java\javapath;C:\Program Files (x86)\Intel\iCLS Client\;C:\Program Files\Intel\iCLS Client\;C:\Windows\system32;C:\Windows;C:\Windows\System32\Wbem;C:\Windows\System32\WindowsPowerShell\v1.0\;C:\Program Files (x86)\Common Files\lenovo\easyplussdk\bin;C:\Program Files (x86)\NVIDIA Corporation\PhysX\Common;C:\Program Files (x86)\Intel\Intel(R) Management Engine Components\DAL;C:\Program Files\Intel\Intel(R) Management Engine Components\DAL;C:\Program Files (x86)\Intel\Intel(R) Management Engine Components\IPT;C:\Program Files\Intel\Intel(R) Management Engine Components\IPT;C:\Program Files\Intel\WiFi\bin\;C:\Program Files\Common Files\Intel\WirelessCommon\;C:\Windows\System32\reg.exe;C:\WINDOWS\system32;C:\WINDOWS;C:\WINDOWS\System32\Wbem;C:\WINDOWS\System32\WindowsPowerShell\v1.0\;D:\Program Files\Git\cmd;D:\Program Files\cygwin\bin;D:\android\android-ndk-r10;C:\Program Files\Java\jdk1.8.0_102\bin;D:\android\android-ndk-r10e;C:\Users\viqgd\AppData\Local\Microsoft\WindowsApps;
USERNAME=viqgd
OS=Windows_NT
PROCESSOR_IDENTIFIER=Intel64 Family 6 Model 94 Stepping 3, GenuineIntel



---------------  S Y S T E M  ---------------

OS: Windows 10.0 , 64 bit Build 14393 (10.0.14393.0)

CPU:total 4 (4 cores per cpu, 1 threads per core) family 6 model 94 stepping 3, cmov, cx8, fxsr, mmx, sse, sse2, sse3, ssse3, sse4.1, sse4.2, popcnt, avx, avx2, aes, clmul, erms, rtm, 3dnowpref, lzcnt, tsc, tscinvbit, bmi1, bmi2, adx

Memory: 4k page, physical 4106148k(59608k free), swap 4515748k(4684k free)

vm_info: Java HotSpot(TM) 64-Bit Server VM (25.102-b14) for windows-amd64 JRE (1.8.0_102-b14), built on Jun 22 2016 13:15:21 by "java_re" with MS VC++ 10.0 (VS2010)

time: Mon Feb 06 17:46:24 2017
elapsed time: 563 seconds (0d 0h 9m 23s)

