#
# There is insufficient memory for the Java Runtime Environment to continue.
# Native memory allocation (malloc) failed to allocate 565456 bytes for Chunk::new
# Possible reasons:
#   The system is out of physical RAM or swap space
#   In 32 bit mode, the process size limit was hit
# Possible solutions:
#   Reduce memory load on the system
#   Increase physical memory or swap space
#   Check if swap backing store is full
#   Use 64 bit Java on a 64 bit OS
#   Decrease Java heap size (-Xmx/-Xms)
#   Decrease number of Java threads
#   Decrease Java thread stack sizes (-Xss)
#   Set larger code cache with -XX:ReservedCodeCacheSize=
# This output file may be truncated or incomplete.
#
#  Out of Memory Error (allocation.cpp:390), pid=10676, tid=0x0000000000001fd4
#
# JRE version: Java(TM) SE Runtime Environment (8.0_102-b14) (build 1.8.0_102-b14)
# Java VM: Java HotSpot(TM) 64-Bit Server VM (25.102-b14 mixed mode windows-amd64 compressed oops)
# Failed to write core dump. Minidumps are not enabled by default on client versions of Windows
#

---------------  T H R E A D  ---------------

Current thread (0x0000000018de2800):  JavaThread "C2 CompilerThread1" daemon [_thread_in_native, id=8148, stack(0x00000000192e0000,0x00000000193e0000)]

Stack: [0x00000000192e0000,0x00000000193e0000]
[error occurred during error reporting (printing stack bounds), id 0xc0000005]

Native frames: (J=compiled Java code, j=interpreted, Vv=VM code, C=native code)


Current CompileTask:
C2:  92785 16979       4       com.android.dx.ssa.DeadCodeRemover::run (194 bytes)


---------------  P R O C E S S  ---------------

Java Threads: ( => current thread )
  0x000000001aaf9800 JavaThread "pool-116-thread-4" [_thread_blocked, id=6900, stack(0x0000000036ac0000,0x0000000036bc0000)]
  0x000000001aaf7800 JavaThread "pool-116-thread-3" [_thread_blocked, id=7884, stack(0x00000000369c0000,0x0000000036ac0000)]
  0x000000001aafe000 JavaThread "pool-116-thread-2" [_thread_blocked, id=9960, stack(0x00000000368c0000,0x00000000369c0000)]
  0x000000001aaf8000 JavaThread "pool-117-thread-1" [_thread_blocked, id=9968, stack(0x00000000367c0000,0x00000000368c0000)]
  0x000000001aafc800 JavaThread "pool-116-thread-1" [_thread_blocked, id=9988, stack(0x00000000366c0000,0x00000000367c0000)]
  0x000000001ab00800 JavaThread "pool-107-thread-1" [_thread_blocked, id=9556, stack(0x00000000356c0000,0x00000000357c0000)]
  0x000000001aaff800 JavaThread "pool-104-thread-2" [_thread_blocked, id=9552, stack(0x00000000353c0000,0x00000000354c0000)]
  0x000000001aaf9000 JavaThread "pool-105-thread-1" [_thread_blocked, id=9908, stack(0x00000000352c0000,0x00000000353c0000)]
  0x000000001aaff000 JavaThread "pool-104-thread-1" [_thread_blocked, id=5488, stack(0x00000000351c0000,0x00000000352c0000)]
  0x000000001e0d7000 JavaThread "pool-9-thread-4" [_thread_blocked, id=1524, stack(0x0000000028cf0000,0x0000000028df0000)]
  0x000000001e0dd000 JavaThread "pool-9-thread-3" [_thread_blocked, id=4608, stack(0x0000000028bf0000,0x0000000028cf0000)]
  0x000000001e0dc000 JavaThread "pool-9-thread-1" [_thread_blocked, id=10824, stack(0x0000000028af0000,0x0000000028bf0000)]
  0x000000001e0db800 JavaThread "pool-9-thread-2" [_thread_blocked, id=6368, stack(0x00000000289f0000,0x0000000028af0000)]
  0x000000001e0da800 JavaThread "stdout" daemon [_thread_in_native, id=8480, stack(0x00000000279f0000,0x0000000027af0000)]
  0x000000001e0d7800 JavaThread "stderr" daemon [_thread_in_native, id=7888, stack(0x00000000278f0000,0x00000000279f0000)]
  0x000000001e0d8800 JavaThread "stdout" daemon [_thread_in_native, id=3372, stack(0x00000000277f0000,0x00000000278f0000)]
  0x000000001e0da000 JavaThread "stderr" daemon [_thread_in_native, id=11100, stack(0x00000000276f0000,0x00000000277f0000)]
  0x000000001dda0000 JavaThread "stdout" daemon [_thread_in_native, id=4832, stack(0x00000000275f0000,0x00000000276f0000)]
  0x000000001dd9f800 JavaThread "stderr" daemon [_thread_in_native, id=4660, stack(0x00000000274f0000,0x00000000275f0000)]
  0x000000001dda5000 JavaThread "stdout" daemon [_thread_in_native, id=8012, stack(0x00000000273f0000,0x00000000274f0000)]
  0x000000001dda2800 JavaThread "stderr" daemon [_thread_in_native, id=8292, stack(0x00000000272f0000,0x00000000273f0000)]
  0x000000001dda4000 JavaThread "stdout" daemon [_thread_in_native, id=9832, stack(0x00000000271f0000,0x00000000272f0000)]
  0x000000001dda1800 JavaThread "stderr" daemon [_thread_in_native, id=10328, stack(0x00000000270f0000,0x00000000271f0000)]
  0x000000001dda3000 JavaThread "stdout" daemon [_thread_in_native, id=1904, stack(0x0000000026ff0000,0x00000000270f0000)]
  0x000000001dda1000 JavaThread "stderr" daemon [_thread_in_native, id=7292, stack(0x0000000026ef0000,0x0000000026ff0000)]
  0x000000001dda5800 JavaThread "stdout" daemon [_thread_in_native, id=5584, stack(0x0000000026df0000,0x0000000026ef0000)]
  0x000000001dd98000 JavaThread "stderr" daemon [_thread_in_native, id=9772, stack(0x0000000026cf0000,0x0000000026df0000)]
  0x000000001dd9e800 JavaThread "stdout" daemon [_thread_in_native, id=10248, stack(0x0000000026bf0000,0x0000000026cf0000)]
  0x000000001dd97000 JavaThread "stderr" daemon [_thread_in_native, id=8944, stack(0x0000000026af0000,0x0000000026bf0000)]
  0x000000001dd9e000 JavaThread "stdout" daemon [_thread_in_native, id=4872, stack(0x00000000269f0000,0x0000000026af0000)]
  0x000000001dd96800 JavaThread "stderr" daemon [_thread_in_native, id=11192, stack(0x00000000268f0000,0x00000000269f0000)]
  0x000000001dd9d000 JavaThread "stdout" daemon [_thread_in_native, id=3680, stack(0x00000000267f0000,0x00000000268f0000)]
  0x000000001dd9c800 JavaThread "stderr" daemon [_thread_in_native, id=1896, stack(0x00000000266f0000,0x00000000267f0000)]
  0x000000001dd9b800 JavaThread "stdout" daemon [_thread_in_native, id=696, stack(0x00000000265f0000,0x00000000266f0000)]
  0x000000001dd9b000 JavaThread "stderr" daemon [_thread_in_native, id=2420, stack(0x00000000264f0000,0x00000000265f0000)]
  0x000000001dd9a000 JavaThread "stdout" daemon [_thread_in_native, id=5040, stack(0x00000000263f0000,0x00000000264f0000)]
  0x000000001dd99800 JavaThread "stderr" daemon [_thread_in_native, id=1924, stack(0x00000000262f0000,0x00000000263f0000)]
  0x000000001dd98800 JavaThread "stdout" daemon [_thread_in_native, id=6300, stack(0x00000000261f0000,0x00000000262f0000)]
  0x000000001f6ba000 JavaThread "stderr" daemon [_thread_in_native, id=2396, stack(0x00000000260f0000,0x00000000261f0000)]
  0x000000001f6b9000 JavaThread "stdout" daemon [_thread_in_native, id=4300, stack(0x0000000025ff0000,0x00000000260f0000)]
  0x000000001f6b8800 JavaThread "stderr" daemon [_thread_in_native, id=4256, stack(0x0000000025ef0000,0x0000000025ff0000)]
  0x000000001f6b3000 JavaThread "png-cruncher_20" daemon [_thread_blocked, id=4192, stack(0x0000000025df0000,0x0000000025ef0000)]
  0x000000001f6b4000 JavaThread "png-cruncher_19" daemon [_thread_blocked, id=4280, stack(0x0000000025cf0000,0x0000000025df0000)]
  0x000000001f6b7000 JavaThread "png-cruncher_18" daemon [_thread_blocked, id=3716, stack(0x0000000025bf0000,0x0000000025cf0000)]
  0x000000001f6b7800 JavaThread "png-cruncher_17" daemon [_thread_blocked, id=2872, stack(0x0000000025af0000,0x0000000025bf0000)]
  0x000000001f6b4800 JavaThread "png-cruncher_16" daemon [_thread_blocked, id=4312, stack(0x00000000259f0000,0x0000000025af0000)]
  0x000000001f6b6000 JavaThread "stdout" daemon [_thread_in_native, id=5052, stack(0x00000000258f0000,0x00000000259f0000)]
  0x000000001f6b5800 JavaThread "stderr" daemon [_thread_in_native, id=4308, stack(0x00000000257f0000,0x00000000258f0000)]
  0x000000001f6ac800 JavaThread "png-cruncher_15" daemon [_thread_blocked, id=8412, stack(0x00000000256f0000,0x00000000257f0000)]
  0x000000001f6b2800 JavaThread "png-cruncher_14" daemon [_thread_blocked, id=3912, stack(0x00000000255f0000,0x00000000256f0000)]
  0x000000001f6b1000 JavaThread "png-cruncher_13" daemon [_thread_blocked, id=8416, stack(0x00000000254f0000,0x00000000255f0000)]
  0x000000001f6b1800 JavaThread "png-cruncher_12" daemon [_thread_blocked, id=1140, stack(0x00000000253f0000,0x00000000254f0000)]
  0x000000001f6ad000 JavaThread "png-cruncher_11" daemon [_thread_blocked, id=8600, stack(0x00000000252f0000,0x00000000253f0000)]
  0x000000001f6ae000 JavaThread "stdout" daemon [_thread_in_native, id=2900, stack(0x00000000251f0000,0x00000000252f0000)]
  0x000000001f6af800 JavaThread "stderr" daemon [_thread_in_native, id=4404, stack(0x00000000250f0000,0x00000000251f0000)]
  0x000000001f6b0000 JavaThread "png-cruncher_10" daemon [_thread_blocked, id=1796, stack(0x0000000024ff0000,0x00000000250f0000)]
  0x000000001f6ab800 JavaThread "png-cruncher_9" daemon [_thread_blocked, id=564, stack(0x0000000024ef0000,0x0000000024ff0000)]
  0x000000001f6aa800 JavaThread "png-cruncher_8" daemon [_thread_blocked, id=1788, stack(0x0000000024df0000,0x0000000024ef0000)]
  0x000000001f6ae800 JavaThread "png-cruncher_7" daemon [_thread_blocked, id=10844, stack(0x0000000024cf0000,0x0000000024df0000)]
  0x0000000020217800 JavaThread "png-cruncher_6" daemon [_thread_blocked, id=8812, stack(0x0000000024bf0000,0x0000000024cf0000)]
  0x0000000020210000 JavaThread "stdout" daemon [_thread_in_native, id=576, stack(0x0000000024af0000,0x0000000024bf0000)]
  0x0000000020217000 JavaThread "stderr" daemon [_thread_in_native, id=2236, stack(0x00000000249f0000,0x0000000024af0000)]
  0x0000000020214000 JavaThread "stdout" daemon [_thread_in_native, id=2216, stack(0x00000000248f0000,0x00000000249f0000)]
  0x0000000020211000 JavaThread "stderr" daemon [_thread_in_native, id=2212, stack(0x00000000247f0000,0x00000000248f0000)]
  0x0000000020213000 JavaThread "stdout" daemon [_thread_in_native, id=2168, stack(0x00000000246f0000,0x00000000247f0000)]
  0x0000000020211800 JavaThread "stderr" daemon [_thread_in_native, id=2172, stack(0x00000000245f0000,0x00000000246f0000)]
  0x000000002020f800 JavaThread "stdout" daemon [_thread_in_native, id=1100, stack(0x00000000244f0000,0x00000000245f0000)]
  0x0000000020212800 JavaThread "stderr" daemon [_thread_in_native, id=2156, stack(0x00000000243f0000,0x00000000244f0000)]
  0x0000000020214800 JavaThread "png-cruncher_5" daemon [_thread_blocked, id=2228, stack(0x00000000242f0000,0x00000000243f0000)]
  0x0000000020216000 JavaThread "png-cruncher_4" daemon [_thread_blocked, id=2204, stack(0x00000000241f0000,0x00000000242f0000)]
  0x0000000020215800 JavaThread "png-cruncher_3" daemon [_thread_blocked, id=2220, stack(0x00000000240f0000,0x00000000241f0000)]
  0x0000000020208800 JavaThread "png-cruncher_2" daemon [_thread_blocked, id=568, stack(0x0000000023ff0000,0x00000000240f0000)]
  0x0000000020209000 JavaThread "png-cruncher_1" daemon [_thread_blocked, id=2164, stack(0x0000000023ef0000,0x0000000023ff0000)]
  0x000000002020e800 JavaThread "pool-3-thread-4" [_thread_blocked, id=2176, stack(0x0000000023df0000,0x0000000023ef0000)]
  0x000000002020c800 JavaThread "pool-3-thread-3" [_thread_blocked, id=2184, stack(0x0000000023cf0000,0x0000000023df0000)]
  0x000000002020e000 JavaThread "pool-3-thread-2" [_thread_blocked, id=880, stack(0x0000000023bf0000,0x0000000023cf0000)]
  0x000000002020b800 JavaThread "pool-3-thread-1" [_thread_blocked, id=572, stack(0x0000000022640000,0x0000000022740000)]
  0x0000000018deb800 JavaThread "File lock request listener" [_thread_in_native, id=8860, stack(0x000000001fa80000,0x000000001fb80000)]
  0x0000000019c36000 JavaThread "Asynchronous log dispatcher for org.gradle.launcher.daemon.server.DefaultDaemonConnection@4659ff4f" [_thread_blocked, id=10952, stack(0x000000001bbd0000,0x000000001bcd0000)]
  0x0000000019c44800 JavaThread "Daemon worker" [_thread_blocked, id=7464, stack(0x000000001b8d0000,0x000000001b9d0000)]
  0x000000001993d000 JavaThread "Cancel handler" [_thread_blocked, id=9892, stack(0x000000001b7d0000,0x000000001b8d0000)]
  0x000000001a2fa000 JavaThread "Handler for socket connection from /127.0.0.1:53005 to /127.0.0.1:53013" [_thread_in_native, id=1312, stack(0x000000001b6d0000,0x000000001b7d0000)]
  0x000000001900f000 JavaThread "Daemon" [_thread_blocked, id=7544, stack(0x000000001b5d0000,0x000000001b6d0000)]
  0x00000000190df000 JavaThread "Incoming local TCP Connector on port 53005" [_thread_in_native, id=10784, stack(0x000000001afe0000,0x000000001b0e0000)]
  0x000000001a123000 JavaThread "pool-1-thread-1" [_thread_blocked, id=6820, stack(0x0000000019ee0000,0x0000000019fe0000)]
  0x0000000018e70800 JavaThread "Service Thread" daemon [_thread_blocked, id=456, stack(0x00000000194e0000,0x00000000195e0000)]
  0x0000000018dec000 JavaThread "C1 CompilerThread2" daemon [_thread_blocked, id=8200, stack(0x00000000193e0000,0x00000000194e0000)]
=>0x0000000018de2800 JavaThread "C2 CompilerThread1" daemon [_thread_in_native, id=8148, stack(0x00000000192e0000,0x00000000193e0000)]
  0x00000000178ee000 JavaThread "C2 CompilerThread0" daemon [_thread_in_native, id=10688, stack(0x00000000191e0000,0x00000000192e0000)]
  0x00000000178ec000 JavaThread "Attach Listener" daemon [_thread_blocked, id=6292, stack(0x0000000018ce0000,0x0000000018de0000)]
  0x000000001789e800 JavaThread "Signal Dispatcher" daemon [_thread_blocked, id=4760, stack(0x0000000018be0000,0x0000000018ce0000)]
  0x000000001787a800 JavaThread "Finalizer" daemon [_thread_blocked, id=6716, stack(0x0000000018ae0000,0x0000000018be0000)]
  0x0000000002c60800 JavaThread "Reference Handler" daemon [_thread_blocked, id=10820, stack(0x00000000189e0000,0x0000000018ae0000)]
  0x0000000002b6e800 JavaThread "main" [_thread_blocked, id=7352, stack(0x0000000002a20000,0x0000000002b20000)]

Other Threads:
  0x0000000017858800 VMThread [stack: 0x00000000188e0000,0x00000000189e0000] [id=10520]
  0x0000000018eb7000 WatcherThread [stack: 0x00000000195e0000,0x00000000196e0000] [id=8796]

VM state:at safepoint (normal execution)

VM Mutex/Monitor currently owned by a thread:  ([mutex/lock_event])
[0x0000000002b6d750] Threads_lock - owner thread: 0x0000000017858800
[0x0000000002b6d8d0] Heap_lock - owner thread: 0x0000000019c44800

Heap:
 PSYoungGen      total 443904K, used 11409K [0x00000000d5580000, 0x00000000f5b00000, 0x0000000100000000)
  eden space 376832K, 0% used [0x00000000d5580000,0x00000000d5580000,0x00000000ec580000)
  from space 67072K, 17% used [0x00000000ed800000,0x00000000ee3247c8,0x00000000f1980000)
  to   space 56320K, 0% used [0x00000000f2400000,0x00000000f2400000,0x00000000f5b00000)
 ParOldGen       total 227328K, used 149254K [0x0000000080000000, 0x000000008de00000, 0x00000000d5580000)
  object space 227328K, 65% used [0x0000000080000000,0x00000000891c18a0,0x000000008de00000)
 Metaspace       used 69114K, capacity 71344K, committed 71552K, reserved 1116160K
  class space    used 8838K, capacity 9275K, committed 9344K, reserved 1048576K

Card table byte_map: [0x0000000012030000,0x0000000012440000] byte_map_base: 0x0000000011c30000

Marking Bits: (ParMarkBitMap*) 0x0000000073c2a6c0
 Begin Bits: [0x0000000012af0000, 0x0000000014af0000)
 End Bits:   [0x0000000014af0000, 0x0000000016af0000)

Polling page: 0x0000000000a40000

CodeCache: size=245760Kb used=48555Kb max_used=48555Kb free=197205Kb
 bounds [0x0000000002c70000, 0x0000000005c30000, 0x0000000011c70000]
 total_blobs=14147 nmethods=13394 adapters=663
 compilation: enabled

Compilation events (10 events):
Event: 91.958 Thread 0x0000000018dec000 16984 % !   3       java.util.concurrent.ConcurrentHashMap$TreeBin::putTreeVal @ 12 (371 bytes)
Event: 91.960 Thread 0x0000000018dec000 nmethod 16984% 0x00000000050ae210 code [0x00000000050ae4a0, 0x00000000050afb38]
Event: 91.962 Thread 0x0000000018dec000 16985   !   3       com.android.dx.rop.type.Type::intern (307 bytes)
Event: 91.963 Thread 0x0000000018dec000 nmethod 16985 0x00000000054cd0d0 code [0x00000000054cd540, 0x00000000054cff78]
Event: 92.063 Thread 0x0000000018dec000 16986   !   3       java.util.concurrent.ConcurrentHashMap$TreeBin::putTreeVal (371 bytes)
Event: 92.065 Thread 0x0000000018dec000 nmethod 16986 0x00000000054caf90 code [0x00000000054cb220, 0x00000000054cc778]
Event: 92.102 Thread 0x0000000018dec000 16988 %     3       com.android.dx.dex.file.ValueEncoder::addContents @ 30 (75 bytes)
Event: 92.103 Thread 0x0000000018dec000 nmethod 16988% 0x000000000541b7d0 code [0x000000000541ba80, 0x000000000541d0b8]
Event: 92.117 Thread 0x0000000018dec000 16989       2       java.util.TimSort::<init> (184 bytes)
Event: 92.118 Thread 0x0000000018dec000 nmethod 16989 0x0000000003929450 code [0x00000000039295c0, 0x0000000003929a18]

GC Heap History (10 events):
Event: 88.442 GC heap before
{Heap before GC invocations=45 (full 5):
 PSYoungGen      total 399872K, used 387480K [0x00000000d5580000, 0x00000000f5b00000, 0x0000000100000000)
  eden space 348160K, 100% used [0x00000000d5580000,0x00000000ea980000,0x00000000ea980000)
  from space 51712K, 76% used [0x00000000ea980000,0x00000000ecfe6168,0x00000000edc00000)
  to   space 56320K, 0% used [0x00000000f2400000,0x00000000f2400000,0x00000000f5b00000)
 ParOldGen       total 170496K, used 123658K [0x0000000080000000, 0x000000008a680000, 0x00000000d5580000)
  object space 170496K, 72% used [0x0000000080000000,0x00000000878c2a78,0x000000008a680000)
 Metaspace       used 67792K, capacity 70040K, committed 70400K, reserved 1110016K
  class space    used 8697K, capacity 9143K, committed 9216K, reserved 1048576K
Event: 88.668 GC heap after
Heap after GC invocations=45 (full 5):
 PSYoungGen      total 399872K, used 387480K [0x00000000d5580000, 0x00000000f5b00000, 0x0000000100000000)
  eden space 348160K, 100% used [0x00000000d5580000,0x00000000ea980000,0x00000000ea980000)
  from space 51712K, 76% used [0x00000000ea980000,0x00000000ecfe6168,0x00000000edc00000)
  to   space 56320K, 99% used [0x00000000f2400000,0x00000000f5afd7b0,0x00000000f5b00000)
 ParOldGen       total 180224K, used 179892K [0x0000000080000000, 0x000000008b000000, 0x00000000d5580000)
  object space 180224K, 99% used [0x0000000080000000,0x000000008afad338,0x000000008b000000)
 Metaspace       used 67792K, capacity 70040K, committed 70400K, reserved 1110016K
  class space    used 8697K, capacity 9143K, committed 9216K, reserved 1048576K
}
Event: 88.668 GC heap before
{Heap before GC invocations=46 (full 6):
 PSYoungGen      total 399872K, used 387480K [0x00000000d5580000, 0x00000000f5b00000, 0x0000000100000000)
  eden space 348160K, 100% used [0x00000000d5580000,0x00000000ea980000,0x00000000ea980000)
  from space 51712K, 76% used [0x00000000ea980000,0x00000000ecfe6168,0x00000000edc00000)
  to   space 56320K, 99% used [0x00000000f2400000,0x00000000f5afd7b0,0x00000000f5b00000)
 ParOldGen       total 180224K, used 179892K [0x0000000080000000, 0x000000008b000000, 0x00000000d5580000)
  object space 180224K, 99% used [0x0000000080000000,0x000000008afad338,0x000000008b000000)
 Metaspace       used 67792K, capacity 70040K, committed 70400K, reserved 1110016K
  class space    used 8697K, capacity 9143K, committed 9216K, reserved 1048576K
Event: 89.113 GC heap after
Heap after GC invocations=46 (full 6):
 PSYoungGen      total 399872K, used 0K [0x00000000d5580000, 0x00000000f5b00000, 0x0000000100000000)
  eden space 348160K, 0% used [0x00000000d5580000,0x00000000d5580000,0x00000000ea980000)
  from space 51712K, 0% used [0x00000000ea980000,0x00000000ea980000,0x00000000edc00000)
  to   space 56320K, 14% used [0x00000000f2400000,0x00000000f2bf4b80,0x00000000f5b00000)
 ParOldGen       total 180224K, used 180102K [0x0000000080000000, 0x000000008b000000, 0x00000000d5580000)
  object space 180224K, 99% used [0x0000000080000000,0x000000008afe1910,0x000000008b000000)
 Metaspace       used 67792K, capacity 70040K, committed 70400K, reserved 1110016K
  class space    used 8697K, capacity 9143K, committed 9216K, reserved 1048576K
}
Event: 89.744 GC heap before
{Heap before GC invocations=47 (full 7):
 PSYoungGen      total 399872K, used 348160K [0x00000000d5580000, 0x00000000f5b00000, 0x0000000100000000)
  eden space 348160K, 100% used [0x00000000d5580000,0x00000000ea980000,0x00000000ea980000)
  from space 51712K, 0% used [0x00000000ea980000,0x00000000ea980000,0x00000000edc00000)
  to   space 56320K, 14% used [0x00000000f2400000,0x00000000f2bf4b80,0x00000000f5b00000)
 ParOldGen       total 180224K, used 180102K [0x0000000080000000, 0x000000008b000000, 0x00000000d5580000)
  object space 180224K, 99% used [0x0000000080000000,0x000000008afe1910,0x000000008b000000)
 Metaspace       used 67817K, capacity 70040K, committed 70400K, reserved 1110016K
  class space    used 8697K, capacity 9143K, committed 9216K, reserved 1048576K
Event: 90.117 GC heap after
Heap after GC invocations=47 (full 7):
 PSYoungGen      total 399872K, used 0K [0x00000000d5580000, 0x00000000f5b00000, 0x0000000100000000)
  eden space 348160K, 0% used [0x00000000d5580000,0x00000000d5580000,0x00000000ea980000)
  from space 51712K, 0% used [0x00000000ea980000,0x00000000ea980000,0x00000000edc00000)
  to   space 56320K, 0% used [0x00000000f2400000,0x00000000f2400000,0x00000000f5b00000)
 ParOldGen       total 180224K, used 167972K [0x0000000080000000, 0x000000008b000000, 0x00000000d5580000)
  object space 180224K, 93% used [0x0000000080000000,0x000000008a409148,0x000000008b000000)
 Metaspace       used 67817K, capacity 70040K, committed 70400K, reserved 1110016K
  class space    used 8697K, capacity 9143K, committed 9216K, reserved 1048576K
}
Event: 90.986 GC heap before
{Heap before GC invocations=48 (full 8):
 PSYoungGen      total 399872K, used 348160K [0x00000000d5580000, 0x00000000f5b00000, 0x0000000100000000)
  eden space 348160K, 100% used [0x00000000d5580000,0x00000000ea980000,0x00000000ea980000)
  from space 51712K, 0% used [0x00000000ea980000,0x00000000ea980000,0x00000000edc00000)
  to   space 56320K, 0% used [0x00000000f2400000,0x00000000f2400000,0x00000000f5b00000)
 ParOldGen       total 180224K, used 167972K [0x0000000080000000, 0x000000008b000000, 0x00000000d5580000)
  object space 180224K, 93% used [0x0000000080000000,0x000000008a409148,0x000000008b000000)
 Metaspace       used 67844K, capacity 70104K, committed 70400K, reserved 1110016K
  class space    used 8697K, capacity 9143K, committed 9216K, reserved 1048576K
Event: 91.390 GC heap after
Heap after GC invocations=48 (full 8):
 PSYoungGen      total 399872K, used 0K [0x00000000d5580000, 0x00000000f5b00000, 0x0000000100000000)
  eden space 348160K, 0% used [0x00000000d5580000,0x00000000d5580000,0x00000000ea980000)
  from space 51712K, 0% used [0x00000000ea980000,0x00000000ea980000,0x00000000edc00000)
  to   space 56320K, 0% used [0x00000000f2400000,0x00000000f2400000,0x00000000f5b00000)
 ParOldGen       total 227328K, used 139341K [0x0000000080000000, 0x000000008de00000, 0x00000000d5580000)
  object space 227328K, 61% used [0x0000000080000000,0x0000000088813400,0x000000008de00000)
 Metaspace       used 67844K, capacity 70104K, committed 70400K, reserved 1110016K
  class space    used 8697K, capacity 9143K, committed 9216K, reserved 1048576K
}
Event: 91.982 GC heap before
{Heap before GC invocations=49 (full 8):
 PSYoungGen      total 399872K, used 348160K [0x00000000d5580000, 0x00000000f5b00000, 0x0000000100000000)
  eden space 348160K, 100% used [0x00000000d5580000,0x00000000ea980000,0x00000000ea980000)
  from space 51712K, 0% used [0x00000000ea980000,0x00000000ea980000,0x00000000edc00000)
  to   space 56320K, 0% used [0x00000000f2400000,0x00000000f2400000,0x00000000f5b00000)
 ParOldGen       total 227328K, used 139341K [0x0000000080000000, 0x000000008de00000, 0x00000000d5580000)
  object space 227328K, 61% used [0x0000000080000000,0x0000000088813400,0x000000008de00000)
 Metaspace       used 67853K, capacity 70104K, committed 70400K, reserved 1110016K
  class space    used 8697K, capacity 9143K, committed 9216K, reserved 1048576K
Event: 92.032 GC heap after
Heap after GC invocations=49 (full 8):
 PSYoungGen      total 433152K, used 56303K [0x00000000d5580000, 0x00000000f5b00000, 0x0000000100000000)
  eden space 376832K, 0% used [0x00000000d5580000,0x00000000d5580000,0x00000000ec580000)
  from space 56320K, 99% used [0x00000000f2400000,0x00000000f5afbe20,0x00000000f5b00000)
  to   space 67072K, 0% used [0x00000000ed800000,0x00000000ed800000,0x00000000f1980000)
 ParOldGen       total 227328K, used 141169K [0x0000000080000000, 0x000000008de00000, 0x00000000d5580000)
  object space 227328K, 62% used [0x0000000080000000,0x00000000889dc660,0x000000008de00000)
 Metaspace       used 67853K, capacity 70104K, committed 70400K, reserved 1110016K
  class space    used 8697K, capacity 9143K, committed 9216K, reserved 1048576K
}

Deoptimization events (10 events):
Event: 91.555 Thread 0x000000001ab00800 Uncommon trap: reason=unstable_if action=reinterpret pc=0x00000000055c7bb0 method=com.android.dx.rop.code.BasicBlockList.preferredSuccessorOf(Lcom/android/dx/rop/code/BasicBlock;)Lcom/android/dx/rop/code/BasicBlock; @ 58
Event: 91.622 Thread 0x000000001aafb000 Uncommon trap: reason=unstable_if action=reinterpret pc=0x0000000005a5f4b4 method=com.android.dx.dex.code.LocalList$MakeState.filterSpec(Lcom/android/dx/rop/code/RegisterSpec;)Lcom/android/dx/rop/code/RegisterSpec; @ 11
Event: 91.796 Thread 0x000000001ab01000 Uncommon trap: reason=unstable_if action=reinterpret pc=0x000000000562c6d4 method=java.util.concurrent.ConcurrentHashMap.putVal(Ljava/lang/Object;Ljava/lang/Object;Z)Ljava/lang/Object; @ 113
Event: 91.796 Thread 0x000000001ab01000 Uncommon trap: reason=unstable_if action=reinterpret pc=0x0000000003b00c98 method=java.util.concurrent.ConcurrentHashMap.transfer([Ljava/util/concurrent/ConcurrentHashMap$Node;[Ljava/util/concurrent/ConcurrentHashMap$Node;)V @ 34
Event: 91.797 Thread 0x000000001e0dd000 Uncommon trap: reason=unstable_if action=reinterpret pc=0x0000000003b00cc4 method=java.util.concurrent.ConcurrentHashMap.transfer([Ljava/util/concurrent/ConcurrentHashMap$Node;[Ljava/util/concurrent/ConcurrentHashMap$Node;)V @ 277
Event: 91.797 Thread 0x000000001e0dd000 Uncommon trap: reason=unstable_if action=reinterpret pc=0x000000000562c828 method=java.util.concurrent.ConcurrentHashMap.addCount(JI)V @ 168
Event: 91.797 Thread 0x000000001e0dd000 Uncommon trap: reason=unstable_if action=reinterpret pc=0x00000000058bc660 method=java.util.concurrent.ConcurrentHashMap.get(Ljava/lang/Object;)Ljava/lang/Object; @ 86
Event: 91.797 Thread 0x000000001e0dd000 Uncommon trap: reason=unstable_if action=reinterpret pc=0x0000000005b56da8 method=java.util.concurrent.ConcurrentHashMap.get(Ljava/lang/Object;)Ljava/lang/Object; @ 86
Event: 91.797 Thread 0x000000001e0dd000 Uncommon trap: reason=unstable_if action=reinterpret pc=0x00000000045a4c60 method=java.util.concurrent.ConcurrentHashMap.get(Ljava/lang/Object;)Ljava/lang/Object; @ 86
Event: 91.961 Thread 0x000000001e0dd000 Uncommon trap: reason=unstable_if action=reinterpret pc=0x0000000003813e2c method=java.util.concurrent.ConcurrentHashMap.transfer([Ljava/util/concurrent/ConcurrentHashMap$Node;[Ljava/util/concurrent/ConcurrentHashMap$Node;)V @ 277

Internal exceptions (10 events):
Event: 75.433 Thread 0x0000000019c44800 Implicit null exception at 0x000000000417293a to 0x0000000004173061
Event: 77.468 Thread 0x0000000019c44800 Exception <a 'java/lang/NoSuchMethodError': <clinit>> (0x00000000db4116c8) thrown at [C:\re\workspace\8-2-build-windows-amd64-cygwin\jdk8u102\7268\hotspot\src\share\vm\prims\jni.cpp, line 1613]
Event: 77.494 Thread 0x000000002020c800 Exception <a 'sun/nio/fs/WindowsException'> (0x00000000db509fd0) thrown at [C:\re\workspace\8-2-build-windows-amd64-cygwin\jdk8u102\7268\hotspot\src\share\vm\prims\jni.cpp, line 709]
Event: 77.513 Thread 0x000000002020c800 Exception <a 'sun/nio/fs/WindowsException'> (0x00000000db50afc8) thrown at [C:\re\workspace\8-2-build-windows-amd64-cygwin\jdk8u102\7268\hotspot\src\share\vm\prims\jni.cpp, line 709]
Event: 78.273 Thread 0x0000000019c44800 Exception <a 'java/io/FileNotFoundException'> (0x00000000d9b08320) thrown at [C:\re\workspace\8-2-build-windows-amd64-cygwin\jdk8u102\7268\hotspot\src\share\vm\prims\jni.cpp, line 709]
Event: 81.577 Thread 0x0000000019c44800 Implicit null exception at 0x000000000386e7d5 to 0x000000000386e9a9
Event: 83.342 Thread 0x0000000019c44800 Implicit null exception at 0x000000000454db72 to 0x000000000454e1a5
Event: 86.471 Thread 0x000000001aafe000 Implicit null exception at 0x00000000056ac7cf to 0x00000000056ac99d
Event: 87.377 Thread 0x000000001e0db800 Implicit null exception at 0x00000000055c19fe to 0x00000000055c28ed
Event: 87.427 Thread 0x000000001e0db800 Implicit null exception at 0x0000000005910b20 to 0x00000000059112a9

Events (10 events):
Event: 92.141 Thread 0x000000001aaf8000 DEOPT PACKING pc=0x000000000572631a sp=0x00000000346be860
Event: 92.141 Thread 0x000000001aaf8000 DEOPT UNPACKING pc=0x0000000002cb787f sp=0x00000000346be618 mode 0
Event: 92.144 Thread 0x000000001aaf8000 DEOPT PACKING pc=0x000000000572631a sp=0x00000000346be860
Event: 92.144 Thread 0x000000001aaf8000 DEOPT UNPACKING pc=0x0000000002cb787f sp=0x00000000346be618 mode 0
Event: 92.146 Thread 0x000000001aaf8000 DEOPT PACKING pc=0x000000000572631a sp=0x00000000346be860
Event: 92.146 Thread 0x000000001aaf8000 DEOPT UNPACKING pc=0x0000000002cb787f sp=0x00000000346be618 mode 0
Event: 92.148 Thread 0x000000001aaf8000 DEOPT PACKING pc=0x000000000572631a sp=0x00000000346be860
Event: 92.148 Thread 0x000000001aaf8000 DEOPT UNPACKING pc=0x0000000002cb787f sp=0x00000000346be618 mode 0
Event: 92.150 Thread 0x000000001aaf8000 DEOPT PACKING pc=0x000000000572631a sp=0x00000000346be860
Event: 92.150 Thread 0x000000001aaf8000 DEOPT UNPACKING pc=0x0000000002cb787f sp=0x00000000346be618 mode 0


Dynamic libraries:
0x00007ff7da260000 - 0x00007ff7da297000 	C:\Program Files\Java\jdk1.8.0_102\bin\java.exe
0x00007ffe46150000 - 0x00007ffe46321000 	C:\WINDOWS\SYSTEM32\ntdll.dll
0x00007ffe45a90000 - 0x00007ffe45b3b000 	C:\WINDOWS\System32\KERNEL32.DLL
0x00007ffe43020000 - 0x00007ffe4323d000 	C:\WINDOWS\System32\KERNELBASE.dll
0x00007ffe45210000 - 0x00007ffe452b2000 	C:\WINDOWS\System32\ADVAPI32.dll
0x00007ffe45830000 - 0x00007ffe458ce000 	C:\WINDOWS\System32\msvcrt.dll
0x00007ffe452c0000 - 0x00007ffe45319000 	C:\WINDOWS\System32\sechost.dll
0x00007ffe44c90000 - 0x00007ffe44db1000 	C:\WINDOWS\System32\RPCRT4.dll
0x00007ffe45f70000 - 0x00007ffe460d5000 	C:\WINDOWS\System32\USER32.dll
0x00007ffe42640000 - 0x00007ffe4265e000 	C:\WINDOWS\System32\win32u.dll
0x00007ffe458d0000 - 0x00007ffe45904000 	C:\WINDOWS\System32\GDI32.dll
0x00007ffe42660000 - 0x00007ffe427e2000 	C:\WINDOWS\System32\gdi32full.dll
0x00007ffe3fad0000 - 0x00007ffe3fd49000 	C:\WINDOWS\WinSxS\amd64_microsoft.windows.common-controls_6595b64144ccf1df_6.0.14393.0_none_2d0f50fcbdb171b8\COMCTL32.dll
0x00007ffe453c0000 - 0x00007ffe45687000 	C:\WINDOWS\System32\combase.dll
0x00007ffe42f20000 - 0x00007ffe43015000 	C:\WINDOWS\System32\ucrtbase.dll
0x00007ffe435c0000 - 0x00007ffe4362a000 	C:\WINDOWS\System32\bcryptPrimitives.dll
0x00007ffe45320000 - 0x00007ffe4534e000 	C:\WINDOWS\System32\IMM32.DLL
0x0000000073cb0000 - 0x0000000073d81000 	C:\Program Files\Java\jdk1.8.0_102\jre\bin\msvcr100.dll
0x0000000073410000 - 0x0000000073caa000 	C:\Program Files\Java\jdk1.8.0_102\jre\bin\server\jvm.dll
0x00007ffe46140000 - 0x00007ffe46148000 	C:\WINDOWS\System32\PSAPI.DLL
0x00007ffe32930000 - 0x00007ffe32939000 	C:\WINDOWS\SYSTEM32\WSOCK32.dll
0x00007ffe407c0000 - 0x00007ffe407e3000 	C:\WINDOWS\SYSTEM32\WINMM.dll
0x00007ffe37d80000 - 0x00007ffe37d8a000 	C:\WINDOWS\SYSTEM32\VERSION.dll
0x0000000000e70000 - 0x0000000000e9b000 	C:\WINDOWS\SYSTEM32\WINMMBASE.dll
0x00007ffe42ed0000 - 0x00007ffe42f12000 	C:\WINDOWS\System32\cfgmgr32.dll
0x00007ffe45350000 - 0x00007ffe453ba000 	C:\WINDOWS\System32\WS2_32.dll
0x0000000074e30000 - 0x0000000074e3f000 	C:\Program Files\Java\jdk1.8.0_102\jre\bin\verify.dll
0x0000000074e00000 - 0x0000000074e29000 	C:\Program Files\Java\jdk1.8.0_102\jre\bin\java.dll
0x0000000074de0000 - 0x0000000074df6000 	C:\Program Files\Java\jdk1.8.0_102\jre\bin\zip.dll
0x00007ffe436e0000 - 0x00007ffe44be8000 	C:\WINDOWS\System32\SHELL32.dll
0x00007ffe427f0000 - 0x00007ffe42eca000 	C:\WINDOWS\System32\windows.storage.dll
0x00007ffe425e0000 - 0x00007ffe4262c000 	C:\WINDOWS\System32\powrprof.dll
0x00007ffe45030000 - 0x00007ffe45082000 	C:\WINDOWS\System32\shlwapi.dll
0x00007ffe425d0000 - 0x00007ffe425df000 	C:\WINDOWS\System32\kernel.appcore.dll
0x00007ffe43340000 - 0x00007ffe433e9000 	C:\WINDOWS\System32\shcore.dll
0x00007ffe425b0000 - 0x00007ffe425c4000 	C:\WINDOWS\System32\profapi.dll
0x00000000733f0000 - 0x000000007340a000 	C:\Program Files\Java\jdk1.8.0_102\jre\bin\net.dll
0x00007ffe41d80000 - 0x00007ffe41ddc000 	C:\WINDOWS\system32\mswsock.dll
0x00000000733d0000 - 0x00000000733e1000 	C:\Program Files\Java\jdk1.8.0_102\jre\bin\nio.dll
0x00007ffe236a0000 - 0x00007ffe236b2000 	C:\Users\viqgd\.gradle\native\19\windows-amd64\native-platform.dll
0x00007ffe42020000 - 0x00007ffe42037000 	C:\WINDOWS\SYSTEM32\CRYPTSP.dll
0x00007ffe41f00000 - 0x00007ffe41f33000 	C:\WINDOWS\system32\rsaenh.dll
0x00007ffe424f0000 - 0x00007ffe4251b000 	C:\WINDOWS\SYSTEM32\bcrypt.dll
0x00007ffe41c10000 - 0x00007ffe41c2f000 	C:\WINDOWS\SYSTEM32\USERENV.dll
0x00007ffe42040000 - 0x00007ffe4204b000 	C:\WINDOWS\SYSTEM32\CRYPTBASE.dll
0x00007ffe41b10000 - 0x00007ffe41b48000 	C:\WINDOWS\SYSTEM32\IPHLPAPI.DLL
0x00007ffe44e80000 - 0x00007ffe44e88000 	C:\WINDOWS\System32\NSI.dll
0x00007ffe3e720000 - 0x00007ffe3e736000 	C:\WINDOWS\SYSTEM32\dhcpcsvc6.DLL
0x00007ffe3e6a0000 - 0x00007ffe3e6ba000 	C:\WINDOWS\SYSTEM32\dhcpcsvc.DLL
0x00000000733c0000 - 0x00000000733cd000 	C:\Program Files\Java\jdk1.8.0_102\jre\bin\management.dll
0x00007ffe41960000 - 0x00007ffe41992000 	C:\WINDOWS\SYSTEM32\ntmarta.dll

VM Arguments:
jvm_args: -XX:MaxPermSize=512m -Xmx2048m -Dfile.encoding=GBK -Duser.country=CN -Duser.language=zh -Duser.variant 
java_command: org.gradle.launcher.daemon.bootstrap.GradleDaemon 2.14.1
java_class_path (initial): C:\Users\viqgd\.gradle\wrapper\dists\gradle-2.14.1-all\8bnwg5hd3w55iofp58khbp6yv\gradle-2.14.1\lib\gradle-launcher-2.14.1.jar
Launcher Type: SUN_STANDARD

Environment Variables:
JAVA_HOME=C:\Program Files\Java\jdk1.8.0_102
CLASSPATH=.;C:\Program Files\Java\jdk1.8.0_102\lib\dt.jar;C:\Program Files\Java\jdk1.8.0_102\lib\tools.jar;
PATH=C:\ProgramData\Oracle\Java\javapath;C:\Program Files (x86)\Intel\iCLS Client\;C:\Program Files\Intel\iCLS Client\;C:\Windows\system32;C:\Windows;C:\Windows\System32\Wbem;C:\Windows\System32\WindowsPowerShell\v1.0\;C:\Program Files (x86)\Common Files\lenovo\easyplussdk\bin;C:\Program Files (x86)\NVIDIA Corporation\PhysX\Common;C:\Program Files (x86)\Intel\Intel(R) Management Engine Components\DAL;C:\Program Files\Intel\Intel(R) Management Engine Components\DAL;C:\Program Files (x86)\Intel\Intel(R) Management Engine Components\IPT;C:\Program Files\Intel\Intel(R) Management Engine Components\IPT;C:\Program Files\Intel\WiFi\bin\;C:\Program Files\Common Files\Intel\WirelessCommon\;C:\Windows\System32\reg.exe;C:\WINDOWS\system32;C:\WINDOWS;C:\WINDOWS\System32\Wbem;C:\WINDOWS\System32\WindowsPowerShell\v1.0\;D:\Program Files\Git\cmd;D:\Program Files\cygwin\bin;D:\android\android-ndk-r10;C:\Program Files\Java\jdk1.8.0_102\bin;D:\android\android-ndk-r10e;C:\Users\viqgd\AppData\Local\Microsoft\WindowsApps;
USERNAME=viqgd
OS=Windows_NT
PROCESSOR_IDENTIFIER=Intel64 Family 6 Model 94 Stepping 3, GenuineIntel



---------------  S Y S T E M  ---------------

OS: Windows 10.0 , 64 bit Build 14393 (10.0.14393.0)

CPU:total 4 (4 cores per cpu, 1 threads per core) family 6 model 94 stepping 3, cmov, cx8, fxsr, mmx, sse, sse2, sse3, ssse3, sse4.1, sse4.2, popcnt, avx, avx2, aes, clmul, erms, rtm, 3dnowpref, lzcnt, tsc, tscinvbit, bmi1, bmi2, adx

Memory: 4k page, physical 4106148k(145104k free), swap 4515748k(4176k free)

vm_info: Java HotSpot(TM) 64-Bit Server VM (25.102-b14) for windows-amd64 JRE (1.8.0_102-b14), built on Jun 22 2016 13:15:21 by "java_re" with MS VC++ 10.0 (VS2010)

time: Mon Feb 06 17:50:07 2017
elapsed time: 92 seconds (0d 0h 1m 32s)

